[35m[Appium][39m Welcome to Appium v1.21.0
[35m[Appium][39m Non-default server args:
[35m[Appium][39m   port: 55424
[35m[Appium][39m   loglevel: info
[35m[Appium][39m   tmpDir: C:\Users\arieh\AppData\Local\Temp\\Katalon\Appium\Temp1621870091003
[35m[Appium][39m   chromedriverPort: 55425
[35m[Appium][39m Deprecated server args:
[35m[Appium][39m   [31m--chromedriver-port[39m => --default-capabilities
[35m[Appium][39m Default capabilities, which will be added to each request unless overridden by desired capabilities:
[35m[Appium][39m   chromedriverPort: 55425
[35m[Appium][39m Appium REST http interface listener started on 0.0.0.0:55424
[35m[HTTP][39m [37m-->[39m [37mGET[39m [37m/wd/hub/status[39m
[35m[HTTP][39m [90m{}[39m
[35m[HTTP][39m [37m<-- GET /wd/hub/status [39m[32m200[39m [90m5 ms - 68[39m
[35m[HTTP][39m [90m[39m
[35m[HTTP][39m [37m-->[39m [37mGET[39m [37m/wd/hub/status[39m
[35m[HTTP][39m [90m{}[39m
[35m[HTTP][39m [37m<-- GET /wd/hub/status [39m[32m200[39m [90m1 ms - 68[39m
[35m[HTTP][39m [90m[39m
[35m[HTTP][39m [37m-->[39m [37mPOST[39m [37m/wd/hub/session[39m
[35m[HTTP][39m [90m{"desiredCapabilities":{"app":"C:\\Users\\arieh\\Downloads\\Calculator_v7.8 (271241277)_apkpure.com.apk","noReset":true,"deviceName":"Xiaomi POCOPHONE F1 (Android 10)","fullReset":false,"platform":"ANDROID","newCommandTimeout":1800,"platformVersion":"10","automationName":"uiautomator2","autoGrantPermissions":true,"platformName":"Android","udid":"b6f012db","systemPort":55429},"capabilities":{"firstMatch":[{"appium:app":"C:\\Users\\arieh\\Downloads\\Calculator_v7.8 (271241277)_apkpure.com.apk","appium:autoGrantPermissions":true,"appium:automationName":"uiautomator2","appium:deviceName":"Xiaomi POCOPHONE F1 (Android 10)","appium:fullReset":false,"appium:newCommandTimeout":1800,"appium:noReset":true,"platform":"ANDROID","platformName":"android","appium:platformVersion":"10","appium:systemPort":55429,"appium:udid":"b6f012db"}]}}[39m
[35m[BaseDriver][39m The following capabilities are not standard capabilities and should have an extension prefix:
[35m[BaseDriver][39m   platform
[35m[BaseDriver][39m   chromedriverPort
[35m[Appium][39m Appium v1.21.0 creating new AndroidUiautomator2Driver (v1.65.0) session
[35m[BaseDriver][39m The following capabilities were provided, but are not recognized by Appium:
[35m[BaseDriver][39m   platform
[35m[BaseDriver][39m Session created with session id: 75000cdb-3185-43b9-9278-9d523259361f
[35m[BaseDriver][39m Using local app 'C:\Users\arieh\Downloads\Calculator_v7.8 (271241277)_apkpure.com.apk'
[35m[ADB][39m Found 1 'build-tools' folders under 'C:\Users\arieh\.katalon\tools\android_sdk' (newest first):
[35m[ADB][39m     C:/Users/arieh/.katalon/tools/android_sdk/build-tools/29.0.3
[35m[ADB][39m Using 'adb.exe' from 'C:\Users\arieh\.katalon\tools\android_sdk\platform-tools\adb.exe'
[35m[AndroidDriver][39m Retrieving device list
[35m[AndroidDriver][39m Using device: b6f012db
[35m[ADB][39m Using 'adb.exe' from 'C:\Users\arieh\.katalon\tools\android_sdk\platform-tools\adb.exe'
[35m[ADB][39m Getting device platform version
[35m[UiAutomator2][39m Relaxing hidden api policy
[35m[ADB][39m Package name: 'com.google.android.calculator'
[35m[ADB][39m Main activity name: 'com.android.calculator2.Calculator'
[35m[ADB][39m Using 'apksigner.jar' from 'C:\Users\arieh\.katalon\tools\android_sdk\build-tools\29.0.3\lib\apksigner.jar'
[35m[ADB][39m 'C:\Users\arieh\AppData\Roaming\npm\node_modules\appium\node_modules\appium-uiautomator2-server\apks\appium-uiautomator2-server-v4.21.1.apk' is signed with the default certificate
[35m[ADB][39m 'C:\Users\arieh\AppData\Roaming\npm\node_modules\appium\node_modules\appium-uiautomator2-server\apks\appium-uiautomator2-server-debug-androidTest.apk' is signed with the default certificate
[35m[UiAutomator2][39m Server packages are not going to be (re)installed
[35m[ADB][39m Adding packages ["io.appium.settings","io.appium.uiautomator2.server","io.appium.uiautomator2.server.test"] to Doze whitelist
[35m[ADB][39m 'C:\Users\arieh\Downloads\Calculator_v7.8 (271241277)_apkpure.com.apk' is signed with a non-default certificate
[35m[UiAutomator2][39m Starting UIAutomator2 server 4.21.1
[35m[UiAutomator2][39m Using UIAutomator2 server from 'C:\Users\arieh\AppData\Roaming\npm\node_modules\appium\node_modules\appium-uiautomator2-server\apks\appium-uiautomator2-server-v4.21.1.apk' and test from 'C:\Users\arieh\AppData\Roaming\npm\node_modules\appium\node_modules\appium-uiautomator2-server\apks\appium-uiautomator2-server-debug-androidTest.apk'
[35m[UiAutomator2][39m Waiting up to 30000ms for UiAutomator2 to be online...
[35m[WD Proxy][39m socket hang up
[35m[WD Proxy][39m socket hang up
[35m[WD Proxy][39m Determined the downstream protocol as 'W3C'
[35m[AndroidDriver][39m Screen already unlocked, doing nothing
[35m[UiAutomator2][39m Starting 'com.google.android.calculator/com.android.calculator2.Calculator and waiting for 'com.google.android.calculator/com.android.calculator2.Calculator'
[35m[Appium][39m New AndroidUiautomator2Driver session created successfully, session 75000cdb-3185-43b9-9278-9d523259361f added to master session list
[35m[HTTP][39m [37m<-- POST /wd/hub/session [39m[32m200[39m [90m7184 ms - 1303[39m
[35m[HTTP][39m [90m[39m
[35m[HTTP][39m [37m-->[39m [37mGET[39m [37m/wd/hub/session/75000cdb-3185-43b9-9278-9d523259361f[39m
[35m[HTTP][39m [90m{}[39m
[35m[HTTP][39m [37m<-- GET /wd/hub/session/75000cdb-3185-43b9-9278-9d523259361f [39m[32m200[39m [90m8 ms - 1257[39m
[35m[HTTP][39m [90m[39m
[35m[HTTP][39m [37m-->[39m [37mGET[39m [37m/wd/hub/session/75000cdb-3185-43b9-9278-9d523259361f[39m
[35m[HTTP][39m [90m{}[39m
[35m[HTTP][39m [37m<-- GET /wd/hub/session/75000cdb-3185-43b9-9278-9d523259361f [39m[32m200[39m [90m7 ms - 1257[39m
[35m[HTTP][39m [90m[39m
[35m[HTTP][39m [37m-->[39m [37mGET[39m [37m/wd/hub/status[39m
[35m[HTTP][39m [90m{}[39m
[35m[HTTP][39m [37m<-- GET /wd/hub/status [39m[32m200[39m [90m1 ms - 68[39m
[35m[HTTP][39m [90m[39m
[35m[HTTP][39m [37m-->[39m [37mPOST[39m [37m/wd/hub/session/75000cdb-3185-43b9-9278-9d523259361f/timeouts[39m
[35m[HTTP][39m [90m{"implicit":60000}[39m
[35m[HTTP][39m [37m<-- POST /wd/hub/session/75000cdb-3185-43b9-9278-9d523259361f/timeouts [39m[32m200[39m [90m2 ms - 14[39m
[35m[HTTP][39m [90m[39m
[35m[HTTP][39m [37m-->[39m [37mGET[39m [37m/wd/hub/session/75000cdb-3185-43b9-9278-9d523259361f/source[39m
[35m[HTTP][39m [90m{}[39m
[35m[W3C (75000cdb)][39m Driver proxy active, passing request on via HTTP proxy
[35m[WD Proxy][39m Replacing sessionId 6e3e85b8-af11-4273-a389-24399beab0a9 with 75000cdb-3185-43b9-9278-9d523259361f
[35m[HTTP][39m [37m<-- GET /wd/hub/session/75000cdb-3185-43b9-9278-9d523259361f/source [39m[32m200[39m [90m483 ms - 26716[39m
[35m[HTTP][39m [90m[39m
[35m[HTTP][39m [37m-->[39m [37mGET[39m [37m/wd/hub/session/75000cdb-3185-43b9-9278-9d523259361f/screenshot[39m
[35m[HTTP][39m [90m{}[39m
[35m[HTTP][39m [37m<-- GET /wd/hub/session/75000cdb-3185-43b9-9278-9d523259361f/screenshot [39m[32m200[39m [90m383 ms - 96022[39m
[35m[HTTP][39m [90m[39m
[35m[HTTP][39m [37m-->[39m [37mPOST[39m [37m/wd/hub/session/75000cdb-3185-43b9-9278-9d523259361f/elements[39m
[35m[HTTP][39m [90m{"using":"xpath","value":"//*[@class = 'android.widget.Button' and (@text = '9' or . = '9') and @resource-id = 'com.google.android.calculator:id/digit_9']"}[39m
[35m[HTTP][39m [37m<-- POST /wd/hub/session/75000cdb-3185-43b9-9278-9d523259361f/elements [39m[32m200[39m [90m446 ms - 139[39m
[35m[HTTP][39m [90m[39m
[35m[HTTP][39m [37m-->[39m [37mGET[39m [37m/wd/hub/session/75000cdb-3185-43b9-9278-9d523259361f/window/rect[39m
[35m[HTTP][39m [90m{}[39m
[35m[HTTP][39m [37m<-- GET /wd/hub/session/75000cdb-3185-43b9-9278-9d523259361f/window/rect [39m[32m200[39m [90m33 ms - 50[39m
[35m[HTTP][39m [90m[39m
[35m[HTTP][39m [37m-->[39m [37mPOST[39m [37m/wd/hub/session/75000cdb-3185-43b9-9278-9d523259361f/elements[39m
[35m[HTTP][39m [90m{"using":"xpath","value":"//*[@class = 'android.widget.Button' and (@text = '9' or . = '9') and @resource-id = 'com.google.android.calculator:id/digit_9']"}[39m
[35m[HTTP][39m [37m<-- POST /wd/hub/session/75000cdb-3185-43b9-9278-9d523259361f/elements [39m[32m200[39m [90m150 ms - 139[39m
[35m[HTTP][39m [90m[39m
[35m[HTTP][39m [37m-->[39m [37mGET[39m [37m/wd/hub/session/75000cdb-3185-43b9-9278-9d523259361f/element/b9c8f32d-bfef-4fe8-b507-28291cd0fd83/location[39m
[35m[HTTP][39m [90m{}[39m
[35m[W3C (75000cdb)][39m Driver proxy active, passing request on via HTTP proxy
[35m[WD Proxy][39m Replacing sessionId 6e3e85b8-af11-4273-a389-24399beab0a9 with 75000cdb-3185-43b9-9278-9d523259361f
[35m[HTTP][39m [37m<-- GET /wd/hub/session/75000cdb-3185-43b9-9278-9d523259361f/element/b9c8f32d-bfef-4fe8-b507-28291cd0fd83/location [39m[32m200[39m [90m47 ms - 79[39m
[35m[HTTP][39m [90m[39m
[35m[HTTP][39m [37m-->[39m [37mPOST[39m [37m/wd/hub/session/75000cdb-3185-43b9-9278-9d523259361f/touch/perform[39m
[35m[HTTP][39m [90m{"actions":[{"action":"tap","options":{"x":1,"y":1,"element":"b9c8f32d-bfef-4fe8-b507-28291cd0fd83"}}]}[39m
[35m[UiAutomator2][39m calling get location: b9c8f32d-bfef-4fe8-b507-28291cd0fd83
[35m[HTTP][39m [37m<-- POST /wd/hub/session/75000cdb-3185-43b9-9278-9d523259361f/touch/perform [39m[32m200[39m [90m740 ms - 14[39m
[35m[HTTP][39m [90m[39m
[35m[HTTP][39m [37m-->[39m [37mGET[39m [37m/wd/hub/session/75000cdb-3185-43b9-9278-9d523259361f/source[39m
[35m[HTTP][39m [90m{}[39m
[35m[W3C (75000cdb)][39m Driver proxy active, passing request on via HTTP proxy
[35m[WD Proxy][39m Replacing sessionId 6e3e85b8-af11-4273-a389-24399beab0a9 with 75000cdb-3185-43b9-9278-9d523259361f
[35m[HTTP][39m [37m<-- GET /wd/hub/session/75000cdb-3185-43b9-9278-9d523259361f/source [39m[32m200[39m [90m350 ms - 26689[39m
[35m[HTTP][39m [90m[39m
[35m[HTTP][39m [37m-->[39m [37mGET[39m [37m/wd/hub/session/75000cdb-3185-43b9-9278-9d523259361f/screenshot[39m
[35m[HTTP][39m [90m{}[39m
[35m[HTTP][39m [37m<-- GET /wd/hub/session/75000cdb-3185-43b9-9278-9d523259361f/screenshot [39m[32m200[39m [90m478 ms - 100354[39m
[35m[HTTP][39m [90m[39m
[35m[HTTP][39m [37m-->[39m [37mPOST[39m [37m/wd/hub/session/75000cdb-3185-43b9-9278-9d523259361f/elements[39m
[35m[HTTP][39m [90m{"using":"xpath","value":"//*[@class = 'android.widget.Button' and (@text = 'รท' or . = 'รท') and @resource-id = 'com.google.android.calculator:id/op_div']"}[39m
[35m[HTTP][39m [37m<-- POST /wd/hub/session/75000cdb-3185-43b9-9278-9d523259361f/elements [39m[32m200[39m [90m145 ms - 139[39m
[35m[HTTP][39m [90m[39m
[35m[HTTP][39m [37m-->[39m [37mGET[39m [37m/wd/hub/session/75000cdb-3185-43b9-9278-9d523259361f/window/rect[39m
[35m[HTTP][39m [90m{}[39m
[35m[HTTP][39m [37m<-- GET /wd/hub/session/75000cdb-3185-43b9-9278-9d523259361f/window/rect [39m[32m200[39m [90m34 ms - 50[39m
[35m[HTTP][39m [90m[39m
[35m[HTTP][39m [37m-->[39m [37mPOST[39m [37m/wd/hub/session/75000cdb-3185-43b9-9278-9d523259361f/elements[39m
[35m[HTTP][39m [90m{"using":"xpath","value":"//*[@class = 'android.widget.Button' and (@text = 'รท' or . = 'รท') and @resource-id = 'com.google.android.calculator:id/op_div']"}[39m
[35m[HTTP][39m [37m<-- POST /wd/hub/session/75000cdb-3185-43b9-9278-9d523259361f/elements [39m[32m200[39m [90m135 ms - 139[39m
[35m[HTTP][39m [90m[39m
[35m[HTTP][39m [37m-->[39m [37mGET[39m [37m/wd/hub/session/75000cdb-3185-43b9-9278-9d523259361f/element/bb36bc19-0718-4116-8268-20a2f80b0966/location[39m
[35m[HTTP][39m [90m{}[39m
[35m[W3C (75000cdb)][39m Driver proxy active, passing request on via HTTP proxy
[35m[WD Proxy][39m Replacing sessionId 6e3e85b8-af11-4273-a389-24399beab0a9 with 75000cdb-3185-43b9-9278-9d523259361f
[35m[HTTP][39m [37m<-- GET /wd/hub/session/75000cdb-3185-43b9-9278-9d523259361f/element/bb36bc19-0718-4116-8268-20a2f80b0966/location [39m[32m200[39m [90m24 ms - 79[39m
[35m[HTTP][39m [90m[39m
[35m[HTTP][39m [37m-->[39m [37mPOST[39m [37m/wd/hub/session/75000cdb-3185-43b9-9278-9d523259361f/touch/perform[39m
[35m[HTTP][39m [90m{"actions":[{"action":"tap","options":{"x":1,"y":1,"element":"bb36bc19-0718-4116-8268-20a2f80b0966"}}]}[39m
[35m[UiAutomator2][39m calling get location: bb36bc19-0718-4116-8268-20a2f80b0966
[35m[HTTP][39m [37m<-- POST /wd/hub/session/75000cdb-3185-43b9-9278-9d523259361f/touch/perform [39m[32m200[39m [90m199 ms - 14[39m
[35m[HTTP][39m [90m[39m
[35m[HTTP][39m [37m-->[39m [37mGET[39m [37m/wd/hub/session/75000cdb-3185-43b9-9278-9d523259361f/source[39m
[35m[HTTP][39m [90m{}[39m
[35m[W3C (75000cdb)][39m Driver proxy active, passing request on via HTTP proxy
[35m[WD Proxy][39m Replacing sessionId 6e3e85b8-af11-4273-a389-24399beab0a9 with 75000cdb-3185-43b9-9278-9d523259361f
[35m[HTTP][39m [37m<-- GET /wd/hub/session/75000cdb-3185-43b9-9278-9d523259361f/source [39m[32m200[39m [90m181 ms - 26691[39m
[35m[HTTP][39m [90m[39m
[35m[HTTP][39m [37m-->[39m [37mGET[39m [37m/wd/hub/session/75000cdb-3185-43b9-9278-9d523259361f/screenshot[39m
[35m[HTTP][39m [90m{}[39m
[35m[HTTP][39m [37m<-- GET /wd/hub/session/75000cdb-3185-43b9-9278-9d523259361f/screenshot [39m[32m200[39m [90m463 ms - 101438[39m
[35m[HTTP][39m [90m[39m
[35m[HTTP][39m [37m-->[39m [37mPOST[39m [37m/wd/hub/session/75000cdb-3185-43b9-9278-9d523259361f/elements[39m
[35m[HTTP][39m [90m{"using":"xpath","value":"//*[@class = 'android.widget.Button' and (@text = '3' or . = '3') and @resource-id = 'com.google.android.calculator:id/digit_3']"}[39m
[35m[HTTP][39m [37m<-- POST /wd/hub/session/75000cdb-3185-43b9-9278-9d523259361f/elements [39m[32m200[39m [90m154 ms - 139[39m
[35m[HTTP][39m [90m[39m
[35m[HTTP][39m [37m-->[39m [37mGET[39m [37m/wd/hub/session/75000cdb-3185-43b9-9278-9d523259361f/window/rect[39m
[35m[HTTP][39m [90m{}[39m
[35m[HTTP][39m [37m<-- GET /wd/hub/session/75000cdb-3185-43b9-9278-9d523259361f/window/rect [39m[32m200[39m [90m30 ms - 50[39m
[35m[HTTP][39m [90m[39m
[35m[HTTP][39m [37m-->[39m [37mPOST[39m [37m/wd/hub/session/75000cdb-3185-43b9-9278-9d523259361f/elements[39m
[35m[HTTP][39m [90m{"using":"xpath","value":"//*[@class = 'android.widget.Button' and (@text = '3' or . = '3') and @resource-id = 'com.google.android.calculator:id/digit_3']"}[39m
[35m[HTTP][39m [37m<-- POST /wd/hub/session/75000cdb-3185-43b9-9278-9d523259361f/elements [39m[32m200[39m [90m139 ms - 139[39m
[35m[HTTP][39m [90m[39m
[35m[HTTP][39m [37m-->[39m [37mGET[39m [37m/wd/hub/session/75000cdb-3185-43b9-9278-9d523259361f/element/a301b796-6cc1-4e9a-ac61-9891f854afd5/location[39m
[35m[HTTP][39m [90m{}[39m
[35m[W3C (75000cdb)][39m Driver proxy active, passing request on via HTTP proxy
[35m[WD Proxy][39m Replacing sessionId 6e3e85b8-af11-4273-a389-24399beab0a9 with 75000cdb-3185-43b9-9278-9d523259361f
[35m[HTTP][39m [37m<-- GET /wd/hub/session/75000cdb-3185-43b9-9278-9d523259361f/element/a301b796-6cc1-4e9a-ac61-9891f854afd5/location [39m[32m200[39m [90m25 ms - 79[39m
[35m[HTTP][39m [90m[39m
[35m[HTTP][39m [37m-->[39m [37mPOST[39m [37m/wd/hub/session/75000cdb-3185-43b9-9278-9d523259361f/touch/perform[39m
[35m[HTTP][39m [90m{"actions":[{"action":"tap","options":{"x":1,"y":1,"element":"a301b796-6cc1-4e9a-ac61-9891f854afd5"}}]}[39m
[35m[UiAutomator2][39m calling get location: a301b796-6cc1-4e9a-ac61-9891f854afd5
[35m[HTTP][39m [37m<-- POST /wd/hub/session/75000cdb-3185-43b9-9278-9d523259361f/touch/perform [39m[32m200[39m [90m715 ms - 14[39m
[35m[HTTP][39m [90m[39m
[35m[HTTP][39m [37m-->[39m [37mGET[39m [37m/wd/hub/session/75000cdb-3185-43b9-9278-9d523259361f/source[39m
[35m[HTTP][39m [90m{}[39m
[35m[W3C (75000cdb)][39m Driver proxy active, passing request on via HTTP proxy
[35m[WD Proxy][39m Replacing sessionId 6e3e85b8-af11-4273-a389-24399beab0a9 with 75000cdb-3185-43b9-9278-9d523259361f
[35m[HTTP][39m [37m<-- GET /wd/hub/session/75000cdb-3185-43b9-9278-9d523259361f/source [39m[32m200[39m [90m186 ms - 26665[39m
[35m[HTTP][39m [90m[39m
[35m[HTTP][39m [37m-->[39m [37mGET[39m [37m/wd/hub/session/75000cdb-3185-43b9-9278-9d523259361f/screenshot[39m
[35m[HTTP][39m [90m{}[39m
[35m[HTTP][39m [37m<-- GET /wd/hub/session/75000cdb-3185-43b9-9278-9d523259361f/screenshot [39m[32m200[39m [90m469 ms - 108844[39m
[35m[HTTP][39m [90m[39m
[35m[HTTP][39m [37m-->[39m [37mPOST[39m [37m/wd/hub/session/75000cdb-3185-43b9-9278-9d523259361f/elements[39m
[35m[HTTP][39m [90m{"using":"xpath","value":"//*[@class = 'android.widget.Button' and (@text = '=' or . = '=') and @resource-id = 'com.google.android.calculator:id/eq']"}[39m
[35m[HTTP][39m [37m<-- POST /wd/hub/session/75000cdb-3185-43b9-9278-9d523259361f/elements [39m[32m200[39m [90m127 ms - 139[39m
[35m[HTTP][39m [90m[39m
[35m[HTTP][39m [37m-->[39m [37mGET[39m [37m/wd/hub/session/75000cdb-3185-43b9-9278-9d523259361f/window/rect[39m
[35m[HTTP][39m [90m{}[39m
[35m[HTTP][39m [37m<-- GET /wd/hub/session/75000cdb-3185-43b9-9278-9d523259361f/window/rect [39m[32m200[39m [90m15 ms - 50[39m
[35m[HTTP][39m [90m[39m
[35m[HTTP][39m [37m-->[39m [37mPOST[39m [37m/wd/hub/session/75000cdb-3185-43b9-9278-9d523259361f/elements[39m
[35m[HTTP][39m [90m{"using":"xpath","value":"//*[@class = 'android.widget.Button' and (@text = '=' or . = '=') and @resource-id = 'com.google.android.calculator:id/eq']"}[39m
[35m[HTTP][39m [37m<-- POST /wd/hub/session/75000cdb-3185-43b9-9278-9d523259361f/elements [39m[32m200[39m [90m112 ms - 139[39m
[35m[HTTP][39m [90m[39m
[35m[HTTP][39m [37m-->[39m [37mGET[39m [37m/wd/hub/session/75000cdb-3185-43b9-9278-9d523259361f/element/5a5a3889-b215-434d-a54e-17f8973c0c3f/location[39m
[35m[HTTP][39m [90m{}[39m
[35m[W3C (75000cdb)][39m Driver proxy active, passing request on via HTTP proxy
[35m[WD Proxy][39m Replacing sessionId 6e3e85b8-af11-4273-a389-24399beab0a9 with 75000cdb-3185-43b9-9278-9d523259361f
[35m[HTTP][39m [37m<-- GET /wd/hub/session/75000cdb-3185-43b9-9278-9d523259361f/element/5a5a3889-b215-434d-a54e-17f8973c0c3f/location [39m[32m200[39m [90m34 ms - 79[39m
[35m[HTTP][39m [90m[39m
[35m[HTTP][39m [37m-->[39m [37mPOST[39m [37m/wd/hub/session/75000cdb-3185-43b9-9278-9d523259361f/touch/perform[39m
[35m[HTTP][39m [90m{"actions":[{"action":"tap","options":{"x":1,"y":1,"element":"5a5a3889-b215-434d-a54e-17f8973c0c3f"}}]}[39m
[35m[UiAutomator2][39m calling get location: 5a5a3889-b215-434d-a54e-17f8973c0c3f
[35m[HTTP][39m [37m<-- POST /wd/hub/session/75000cdb-3185-43b9-9278-9d523259361f/touch/perform [39m[32m200[39m [90m202 ms - 14[39m
[35m[HTTP][39m [90m[39m
[35m[HTTP][39m [37m-->[39m [37mGET[39m [37m/wd/hub/session/75000cdb-3185-43b9-9278-9d523259361f/source[39m
[35m[HTTP][39m [90m{}[39m
[35m[W3C (75000cdb)][39m Driver proxy active, passing request on via HTTP proxy
[35m[WD Proxy][39m Replacing sessionId 6e3e85b8-af11-4273-a389-24399beab0a9 with 75000cdb-3185-43b9-9278-9d523259361f
[35m[HTTP][39m [37m<-- GET /wd/hub/session/75000cdb-3185-43b9-9278-9d523259361f/source [39m[32m200[39m [90m841 ms - 25605[39m
[35m[HTTP][39m [90m[39m
[35m[HTTP][39m [37m-->[39m [37mGET[39m [37m/wd/hub/session/75000cdb-3185-43b9-9278-9d523259361f/screenshot[39m
[35m[HTTP][39m [90m{}[39m
[35m[HTTP][39m [37m<-- GET /wd/hub/session/75000cdb-3185-43b9-9278-9d523259361f/screenshot [39m[32m200[39m [90m405 ms - 99402[39m
[35m[HTTP][39m [90m[39m
[35m[HTTP][39m [37m-->[39m [37mPOST[39m [37m/wd/hub/session/75000cdb-3185-43b9-9278-9d523259361f/elements[39m
[35m[HTTP][39m [90m{"using":"xpath","value":"//*[@class = 'android.widget.TextView' and (@text = '3' or . = '3') and @resource-id = 'com.google.android.calculator:id/result_final']"}[39m
[35m[HTTP][39m [37m<-- POST /wd/hub/session/75000cdb-3185-43b9-9278-9d523259361f/elements [39m[32m200[39m [90m113 ms - 139[39m
[35m[HTTP][39m [90m[39m
[35m[HTTP][39m [37m-->[39m [37mGET[39m [37m/wd/hub/session/75000cdb-3185-43b9-9278-9d523259361f/window/rect[39m
[35m[HTTP][39m [90m{}[39m
[35m[HTTP][39m [37m<-- GET /wd/hub/session/75000cdb-3185-43b9-9278-9d523259361f/window/rect [39m[32m200[39m [90m21 ms - 50[39m
[35m[HTTP][39m [90m[39m
[35m[HTTP][39m [37m-->[39m [37mPOST[39m [37m/wd/hub/session/75000cdb-3185-43b9-9278-9d523259361f/elements[39m
[35m[HTTP][39m [90m{"using":"xpath","value":"//*[@class = 'android.widget.TextView' and (@text = '3' or . = '3') and @resource-id = 'com.google.android.calculator:id/result_final']"}[39m
[35m[HTTP][39m [37m<-- POST /wd/hub/session/75000cdb-3185-43b9-9278-9d523259361f/elements [39m[32m200[39m [90m109 ms - 139[39m
[35m[HTTP][39m [90m[39m
[35m[HTTP][39m [37m-->[39m [37mGET[39m [37m/wd/hub/session/75000cdb-3185-43b9-9278-9d523259361f/element/23a67ae3-58ff-47c6-9ebc-ca4564435938/location[39m
[35m[HTTP][39m [90m{}[39m
[35m[W3C (75000cdb)][39m Driver proxy active, passing request on via HTTP proxy
[35m[WD Proxy][39m Replacing sessionId 6e3e85b8-af11-4273-a389-24399beab0a9 with 75000cdb-3185-43b9-9278-9d523259361f
[35m[HTTP][39m [37m<-- GET /wd/hub/session/75000cdb-3185-43b9-9278-9d523259361f/element/23a67ae3-58ff-47c6-9ebc-ca4564435938/location [39m[32m200[39m [90m34 ms - 76[39m
[35m[HTTP][39m [90m[39m
[35m[HTTP][39m [37m-->[39m [37mGET[39m [37m/wd/hub/session/75000cdb-3185-43b9-9278-9d523259361f/element/23a67ae3-58ff-47c6-9ebc-ca4564435938/text[39m
[35m[HTTP][39m [90m{}[39m
[35m[W3C (75000cdb)][39m Driver proxy active, passing request on via HTTP proxy
[35m[WD Proxy][39m Replacing sessionId 6e3e85b8-af11-4273-a389-24399beab0a9 with 75000cdb-3185-43b9-9278-9d523259361f
[35m[HTTP][39m [37m<-- GET /wd/hub/session/75000cdb-3185-43b9-9278-9d523259361f/element/23a67ae3-58ff-47c6-9ebc-ca4564435938/text [39m[32m200[39m [90m23 ms - 64[39m
[35m[HTTP][39m [90m[39m
[35m[HTTP][39m [37m-->[39m [37mGET[39m [37m/wd/hub/session/75000cdb-3185-43b9-9278-9d523259361f/source[39m
[35m[HTTP][39m [90m{}[39m
[35m[W3C (75000cdb)][39m Driver proxy active, passing request on via HTTP proxy
[35m[WD Proxy][39m Replacing sessionId 6e3e85b8-af11-4273-a389-24399beab0a9 with 75000cdb-3185-43b9-9278-9d523259361f
[35m[HTTP][39m [37m<-- GET /wd/hub/session/75000cdb-3185-43b9-9278-9d523259361f/source [39m[32m200[39m [90m170 ms - 25605[39m
[35m[HTTP][39m [90m[39m
[35m[HTTP][39m [37m-->[39m [37mGET[39m [37m/wd/hub/session/75000cdb-3185-43b9-9278-9d523259361f/screenshot[39m
[35m[HTTP][39m [90m{}[39m
[35m[HTTP][39m [37m<-- GET /wd/hub/session/75000cdb-3185-43b9-9278-9d523259361f/screenshot [39m[32m200[39m [90m464 ms - 99488[39m
[35m[HTTP][39m [90m[39m
[35m[HTTP][39m [37m-->[39m [37mDELETE[39m [37m/wd/hub/session/75000cdb-3185-43b9-9278-9d523259361f[39m
[35m[HTTP][39m [90m{}[39m
[35m[Appium][39m Removing session 75000cdb-3185-43b9-9278-9d523259361f from our master session list
[35m[UiAutomator2][39m Restoring hidden api policy to the device default configuration
[35m[HTTP][39m [37m<-- DELETE /wd/hub/session/75000cdb-3185-43b9-9278-9d523259361f [39m[32m200[39m [90m379 ms - 14[39m
[35m[HTTP][39m [90m[39m
